<?xml version="1.0" encoding="UTF-8"?>
<!-- Generated by org.testng.reporters.JUnitXMLReporter -->
<testsuite hostname="Nikhils-MacBook-Air.local" ignored="3" name="Test" tests="1" failures="0" timestamp="23 Jun 2019 07:57:13 GMT" time="0.069" errors="0">
  <testcase name="dologontestcase" time="0.017" classname="testcases.TestCase1"/>
  <testcase name="showPass" time="0.0" classname="testcases.TestCase1">
    <ignored/>
  </testcase> <!-- showPass -->
  <testcase name="doregistration" time="0.0" classname="testcases.TestCase1">
    <ignored/>
  </testcase> <!-- doregistration -->
  <testcase name="showUsername" time="0.0" classname="testcases.TestCase1">
    <ignored/>
  </testcase> <!-- showUsername -->
</testsuite> <!-- Test -->
