<?xml version="1.0" encoding="UTF-8"?>
<!-- Generated by org.testng.reporters.JUnitXMLReporter -->
<testsuite hostname="Nikhils-MacBook-Air.local" ignored="0" name="windows edge - no tags (all features)" tests="1" failures="0" timestamp="27 May 2020 19:28:21 GMT" time="6.253" errors="0">
  <testcase name="@AfterClass tear_down" time="0.004" classname="testrunner.TestRunner">
    <failure type="java.lang.NullPointerException">
      <![CDATA[java.lang.NullPointerException
	at testrunner.TestRunner.tear_down(TestRunner.java:79)
	at java.util.concurrent.FutureTask.run(FutureTask.java:266)
	at java.util.concurrent.ThreadPoolExecutor.runWorker(ThreadPoolExecutor.java:1149)
	at java.util.concurrent.ThreadPoolExecutor$Worker.run(ThreadPoolExecutor.java:624)
	at java.lang.Thread.run(Thread.java:748)
... Removed 16 stack frames]]>
    </failure>
  </testcase> <!-- @AfterClass tear_down -->
  <testcase name="run_scenario" time="0.0" classname="testrunner.TestRunner">
    <skipped/>
  </testcase> <!-- run_scenario -->
</testsuite> <!-- windows edge - no tags (all features) -->
