<?xml version="1.0" encoding="UTF-8"?>
<!-- Generated by org.testng.reporters.JUnitXMLReporter -->
<testsuite hostname="Nikhils-MacBook-Air.local" ignored="0" name="Default test" tests="2" failures="0" timestamp="24 Apr 2021 15:30:10 GMT" time="28.919" errors="0">
  <testcase name="runScenario" time="9.698" classname="io.cucumber.testng.AbstractTestNGCucumberTests"/>
  <testcase name="runScenario" time="16.39" classname="io.cucumber.testng.AbstractTestNGCucumberTests"/>
</testsuite> <!-- Default test -->
