<?xml version="1.0" encoding="UTF-8"?>
<testng-results skipped="0" failed="0" ignored="0" total="2" passed="2">
  <reporter-output>
  </reporter-output>
  <suite name="Suite" duration-ms="21330" started-at="2020-06-02T07:06:48Z" finished-at="2020-06-02T07:07:10Z">
    <groups>
    </groups>
    <test name="TestChrome" duration-ms="12154" started-at="2020-06-02T07:06:48Z" finished-at="2020-06-02T07:07:00Z">
      <class name="dockerDemo.ChromeDemo">
        <test-method status="PASS" signature="testApp()[pri:0, instance:dockerDemo.ChromeDemo@6d00a15d]" name="testApp" duration-ms="12114" started-at="2020-06-02T07:06:48Z" finished-at="2020-06-02T07:07:00Z">
          <reporter-output>
          </reporter-output>
        </test-method> <!-- testApp -->
      </class> <!-- dockerDemo.ChromeDemo -->
    </test> <!-- TestChrome -->
    <test name="TestFF" duration-ms="21320" started-at="2020-06-02T07:06:48Z" finished-at="2020-06-02T07:07:10Z">
      <class name="dockerDemo.FirefoxDemo">
        <test-method status="PASS" signature="testApp()[pri:0, instance:dockerDemo.FirefoxDemo@475530b9]" name="testApp" duration-ms="21296" started-at="2020-06-02T07:06:48Z" finished-at="2020-06-02T07:07:10Z">
          <reporter-output>
          </reporter-output>
        </test-method> <!-- testApp -->
      </class> <!-- dockerDemo.FirefoxDemo -->
    </test> <!-- TestFF -->
  </suite> <!-- Suite -->
</testng-results>
