<?xml version="1.0" encoding="UTF-8"?>
<testng-results skipped="0" failed="0" ignored="0" total="1" passed="1">
  <reporter-output>
  </reporter-output>
  <suite name="Default suite" duration-ms="209" started-at="2021-03-05T14:46:10Z" finished-at="2021-03-05T14:46:10Z">
    <groups>
    </groups>
    <test name="Default test" duration-ms="209" started-at="2021-03-05T14:46:10Z" finished-at="2021-03-05T14:46:10Z">
      <class name="streams.StreamFilter">
        <test-method status="PASS" signature="streamFilter()[pri:0, instance:streams.StreamFilter@2ef5e5e3]" name="streamFilter" duration-ms="122" started-at="2021-03-05T14:46:10Z" finished-at="2021-03-05T14:46:10Z">
          <reporter-output>
          </reporter-output>
        </test-method> <!-- streamFilter -->
      </class> <!-- streams.StreamFilter -->
    </test> <!-- Default test -->
  </suite> <!-- Default suite -->
</testng-results>
