<?xml version="1.0" encoding="UTF-8"?>
<testsuite xmlns:xsi="http://www.w3.org/2001/XMLSchema-instance" xsi:noNamespaceSchemaLocation="https://maven.apache.org/surefire/maven-surefire-plugin/xsd/surefire-test-report-3.0.xsd" version="3.0" name="TestSuite" time="33.376" tests="1" errors="0" skipped="0" failures="1">
  <properties>
[...]
</properties>
  <testcase name="stylitest" classname="STYLI_FW.STYLI_FW1.StyliTest" time="32.821">
    <failure message="element click intercepted: Element &lt;a href=&quot;/sa/en/product-freerun-plain-hooded-jacket-with-long-sleeves-50012203&quot; title=&quot;Plain Hooded Jacket with Long Sleeves&quot; class=&quot;col-xs-6 col-lg-3 col-md-4 c-main-gray cursor-default product-item&quot;&gt;...&lt;/a&gt; is not clickable at point (544, 882). Other element would receive the click: &lt;button class=&quot;fs-13 c-dark-gray transparent w100p p-10 b-white Button&quot; type=&quot;button&quot;&gt;...&lt;/button&gt;&#10;  (Session info: chrome=87.0.4280.66)&#10;Build info: version: &apos;3.141.59&apos;, revision: &apos;e82be7d358&apos;, time: &apos;2018-11-14T08:17:03&apos;&#10;System info: host: &apos;Nikhils-MacBook-Air.local&apos;, ip: &apos;2406:7400:54:3143:212d:a531:7a46:c014%en0&apos;, os.name: &apos;Mac OS X&apos;, os.arch: &apos;x86_64&apos;, os.version: &apos;10.15.7&apos;, java.version: &apos;1.8.0_211&apos;&#10;Driver info: org.openqa.selenium.remote.RemoteWebDriver&#10;Capabilities {acceptInsecureCerts: false, browserName: chrome, browserVersion: 87.0.4280.66, chrome: {chromedriverVersion: 87.0.4280.20 (c99e81631faa0..., userDataDir: /tmp/.com.google.Chrome.TZA3js}, goog:chromeOptions: {debuggerAddress: localhost:45091}, javascriptEnabled: true, networkConnectionEnabled: false, pageLoadStrategy: normal, platform: LINUX, platformName: LINUX, proxy: Proxy(), setWindowRect: true, strictFileInteractability: false, timeouts: {implicit: 0, pageLoad: 300000, script: 30000}, unhandledPromptBehavior: dismiss and notify, webauthn:virtualAuthenticators: true, webdriver.remote.sessionid: 430f98982117ba8f2fb3e3505c7...}&#10;Session ID: 430f98982117ba8f2fb3e3505c7b5e78" type="org.openqa.selenium.ElementClickInterceptedException"><![CDATA[org.openqa.selenium.ElementClickInterceptedException: 
element click intercepted: Element <a href="/sa/en/product-freerun-plain-hooded-jacket-with-long-sleeves-50012203" title="Plain Hooded Jacket with Long Sleeves" class="col-xs-6 col-lg-3 col-md-4 c-main-gray cursor-default product-item">...</a> is not clickable at point (544, 882). Other element would receive the click: <button class="fs-13 c-dark-gray transparent w100p p-10 b-white Button" type="button">...</button>
  (Session info: chrome=87.0.4280.66)
Build info: version: '3.141.59', revision: 'e82be7d358', time: '2018-11-14T08:17:03'
System info: host: 'Nikhils-MacBook-Air.local', ip: '2406:7400:54:3143:212d:a531:7a46:c014%en0', os.name: 'Mac OS X', os.arch: 'x86_64', os.version: '10.15.7', java.version: '1.8.0_211'
Driver info: org.openqa.selenium.remote.RemoteWebDriver
Capabilities {acceptInsecureCerts: false, browserName: chrome, browserVersion: 87.0.4280.66, chrome: {chromedriverVersion: 87.0.4280.20 (c99e81631faa0..., userDataDir: /tmp/.com.google.Chrome.TZA3js}, goog:chromeOptions: {debuggerAddress: localhost:45091}, javascriptEnabled: true, networkConnectionEnabled: false, pageLoadStrategy: normal, platform: LINUX, platformName: LINUX, proxy: Proxy(), setWindowRect: true, strictFileInteractability: false, timeouts: {implicit: 0, pageLoad: 300000, script: 30000}, unhandledPromptBehavior: dismiss and notify, webauthn:virtualAuthenticators: true, webdriver.remote.sessionid: 430f98982117ba8f2fb3e3505c7...}
Session ID: 430f98982117ba8f2fb3e3505c7b5e78
	at STYLI_FW.STYLI_FW1.StyliTest.stylitest(StyliTest.java:34)
]]></failure>
    <system-out><![CDATA[Styli - Online Fashion Store
]]></system-out>
    <system-err><![CDATA[Feb 22, 2021 8:44:10 PM org.openqa.selenium.remote.DesiredCapabilities chrome
INFO: Using `new ChromeOptions()` is preferred to `DesiredCapabilities.chrome()`
Feb 22, 2021 8:44:16 PM org.openqa.selenium.remote.ProtocolHandshake createSession
INFO: Detected dialect: W3C
]]></system-err>
  </testcase>
</testsuite>