<?xml version="1.0" encoding="UTF-8"?>
<testng-results skipped="0" failed="0" ignored="0" total="1" passed="1">
  <reporter-output>
  </reporter-output>
  <suite name="Default suite" duration-ms="7663" started-at="2020-09-29T16:43:32Z" finished-at="2020-09-29T16:43:40Z">
    <groups>
    </groups>
    <test name="Default test" duration-ms="7663" started-at="2020-09-29T16:43:32Z" finished-at="2020-09-29T16:43:40Z">
      <class name="predicate.PredicateAutomation">
        <test-method status="PASS" signature="setDriver(java.lang.String)[pri:0, instance:predicate.PredicateAutomation@46d56d67]" name="setDriver" is-config="true" duration-ms="3627" started-at="2020-09-29T16:43:32Z" finished-at="2020-09-29T16:43:36Z">
          <params>
            <param index="0">
              <value>
                <![CDATA[chrome]]>
              </value>
            </param>
          </params>
          <reporter-output>
          </reporter-output>
        </test-method> <!-- setDriver -->
        <test-method status="PASS" signature="googleTest()[pri:0, instance:predicate.PredicateAutomation@46d56d67]" name="googleTest" duration-ms="3995" started-at="2020-09-29T16:43:36Z" finished-at="2020-09-29T16:43:40Z">
          <reporter-output>
          </reporter-output>
        </test-method> <!-- googleTest -->
      </class> <!-- predicate.PredicateAutomation -->
    </test> <!-- Default test -->
  </suite> <!-- Default suite -->
</testng-results>
