<?xml version="1.0" encoding="UTF-8"?>
<!-- Generated by org.testng.reporters.JUnitXMLReporter -->
<testsuite hostname="Nikhils-MacBook-Air.local" ignored="0" name="Test" tests="1" failures="1" timestamp="06 Jun 2020 08:28:46 GMT" time="0.057" errors="0">
  <testcase name="testExcel" time="0.0" classname="utils.ExcelUtilsTest">
    <failure type="org.testng.TestNGException" message="
Cannot inject @Test annotated Method [testExcel] with [class java.lang.String, class java.lang.String].
For more information on native dependency injection please refer to http://testng.org/doc/documentation-main.html#native-dependency-injection">
      <![CDATA[org.testng.TestNGException: 
Cannot inject @Test annotated Method [testExcel] with [class java.lang.String, class java.lang.String].
For more information on native dependency injection please refer to http://testng.org/doc/documentation-main.html#native-dependency-injection
... Removed 24 stack frames]]>
    </failure>
  </testcase> <!-- testExcel -->
</testsuite> <!-- Test -->
