<?xml version="1.0" encoding="UTF-8"?>
<testng-results skipped="0" failed="0" ignored="0" total="2" passed="2">
  <reporter-output>
  </reporter-output>
  <suite name="Default suite" duration-ms="5233" started-at="2020-06-06T19:49:52Z" finished-at="2020-06-06T19:49:57Z">
    <groups>
    </groups>
    <test name="Default test" duration-ms="5233" started-at="2020-06-06T19:49:52Z" finished-at="2020-06-06T19:49:57Z">
      <class name="restapitesting.Test_01_GET">
        <test-method status="PASS" signature="test_01()[pri:0, instance:restapitesting.Test_01_GET@29774679]" name="test_01" duration-ms="2408" started-at="2020-06-06T19:49:52Z" finished-at="2020-06-06T19:49:54Z">
          <reporter-output>
          </reporter-output>
        </test-method> <!-- test_01 -->
        <test-method status="PASS" signature="test_02()[pri:0, instance:restapitesting.Test_01_GET@29774679]" name="test_02" duration-ms="2783" started-at="2020-06-06T19:49:54Z" finished-at="2020-06-06T19:49:57Z">
          <reporter-output>
          </reporter-output>
        </test-method> <!-- test_02 -->
      </class> <!-- restapitesting.Test_01_GET -->
    </test> <!-- Default test -->
  </suite> <!-- Default suite -->
</testng-results>
