<?xml version="1.0" encoding="UTF-8"?>
<!-- Generated by org.testng.reporters.JUnitXMLReporter -->
<testsuite hostname="Nikhils-MacBook-Air.local" ignored="0" name="Default test" tests="5" failures="0" timestamp="24 Jun 2019 15:26:55 GMT" time="18.847" errors="0">
  <testcase name="test" time="4.433" classname="invocationandthreadpool.Testinvocationcount"/>
  <testcase name="test" time="3.557" classname="invocationandthreadpool.Testinvocationcount"/>
  <testcase name="test" time="2.921" classname="invocationandthreadpool.Testinvocationcount"/>
  <testcase name="test" time="3.477" classname="invocationandthreadpool.Testinvocationcount"/>
  <testcase name="test" time="3.517" classname="invocationandthreadpool.Testinvocationcount"/>
</testsuite> <!-- Default test -->
