<?xml version="1.0" encoding="UTF-8"?>
<!-- Generated by org.testng.reporters.JUnitXMLReporter -->
<testsuite hostname="Nikhils-MacBook-Air.local" ignored="0" name="Test" tests="3" failures="0" timestamp="05 Nov 2020 02:36:09 GMT" time="0.089" errors="0">
  <testcase name="test2" time="0.021" classname="com.mycompany.app.RestTest"/>
  <testcase name="test1" time="0.004" classname="com.mycompany.app.Cucumbertest"/>
  <testcase name="test" time="0.002" classname="com.mycompany.app.Appiumtest"/>
</testsuite> <!-- Test -->
