<?xml version="1.0" encoding="UTF-8"?>
<testng-results skipped="0" failed="0" ignored="0" total="2" passed="2">
  <reporter-output>
  </reporter-output>
  <suite name="Default suite" duration-ms="12339" started-at="2019-07-05T01:16:15Z" finished-at="2019-07-05T01:16:28Z">
    <groups>
    </groups>
    <test name="Default test" duration-ms="12339" started-at="2019-07-05T01:16:15Z" finished-at="2019-07-05T01:16:28Z">
      <class name="Grid_data_provider_parallel">
        <test-method status="PASS" signature="testLogin(java.lang.String, java.lang.String)[pri:0, instance:Grid_data_provider_parallel@9629756]" name="testLogin" duration-ms="12278" started-at="2019-07-05T01:16:15Z" data-provider="appData" finished-at="2019-07-05T01:16:28Z">
          <params>
            <param index="0">
              <value>
                <![CDATA[kanojia.nikhil07@gmail.com]]>
              </value>
            </param>
            <param index="1">
              <value>
                <![CDATA[firefox]]>
              </value>
            </param>
          </params>
          <reporter-output>
          </reporter-output>
        </test-method> <!-- testLogin -->
        <test-method status="PASS" signature="testLogin(java.lang.String, java.lang.String)[pri:0, instance:Grid_data_provider_parallel@9629756]" name="testLogin" duration-ms="11853" started-at="2019-07-05T01:16:15Z" data-provider="appData" finished-at="2019-07-05T01:16:27Z">
          <params>
            <param index="0">
              <value>
                <![CDATA[kanojia.nikhil07@gmail.com]]>
              </value>
            </param>
            <param index="1">
              <value>
                <![CDATA[chrome]]>
              </value>
            </param>
          </params>
          <reporter-output>
          </reporter-output>
        </test-method> <!-- testLogin -->
      </class> <!-- Grid_data_provider_parallel -->
    </test> <!-- Default test -->
  </suite> <!-- Default suite -->
</testng-results>
