<?xml version="1.0" encoding="UTF-8"?>
<testng-results skipped="0" failed="0" ignored="0" total="1" passed="1">
  <reporter-output>
  </reporter-output>
  <suite name="Default suite" duration-ms="3452" started-at="2021-01-03T06:02:36 IST" finished-at="2021-01-03T06:02:40 IST">
    <groups>
    </groups>
    <test name="Default test" duration-ms="3452" started-at="2021-01-03T06:02:36 IST" finished-at="2021-01-03T06:02:40 IST">
      <class name="oauth2.OAuthTest_code1">
        <test-method status="PASS" signature="test_Oauth()[pri:0, instance:oauth2.OAuthTest_code1@1e965684]" name="test_Oauth" duration-ms="3391" started-at="2021-01-03T06:02:36 IST" finished-at="2021-01-03T06:02:40 IST">
          <reporter-output>
          </reporter-output>
        </test-method> <!-- test_Oauth -->
      </class> <!-- oauth2.OAuthTest_code1 -->
    </test> <!-- Default test -->
  </suite> <!-- Default suite -->
</testng-results>
