<?xml version="1.0" encoding="UTF-8"?>
<testng-results skipped="0" failed="0" ignored="0" total="2" passed="2">
  <reporter-output>
  </reporter-output>
  <suite name="Default suite" duration-ms="28919" started-at="2021-04-24T15:29:40Z" finished-at="2021-04-24T15:30:09Z">
    <groups>
      <group name="cucumber">
        <method signature="AbstractTestNGCucumberTests.runScenario(io.cucumber.testng.PickleWrapper, io.cucumber.testng.FeatureWrapper)[pri:0, instance:parallel.TestRunnerNG@192b07fd]" name="runScenario" class="io.cucumber.testng.AbstractTestNGCucumberTests"/>
      </group> <!-- cucumber -->
    </groups>
    <test name="Default test" duration-ms="28919" started-at="2021-04-24T15:29:40Z" finished-at="2021-04-24T15:30:09Z">
      <class name="parallel.TestRunnerNG">
        <test-method status="PASS" signature="setUpClass()[pri:0, instance:parallel.TestRunnerNG@192b07fd]" name="setUpClass" is-config="true" duration-ms="1140" started-at="2021-04-24T15:29:40Z" finished-at="2021-04-24T15:29:42Z">
          <reporter-output>
          </reporter-output>
        </test-method> <!-- setUpClass -->
        <test-method status="PASS" signature="runScenario(io.cucumber.testng.PickleWrapper, io.cucumber.testng.FeatureWrapper)[pri:0, instance:parallel.TestRunnerNG@192b07fd]" name="runScenario" duration-ms="16390" started-at="2021-04-24T15:29:42Z" description="Runs Cucumber Scenarios" data-provider="scenarios" finished-at="2021-04-24T15:29:58Z">
          <params>
            <param index="0">
              <value>
                <![CDATA["Browser up states"]]>
              </value>
            </param>
            <param index="1">
              <value>
                <![CDATA["Optional[Applications login]"]]>
              </value>
            </param>
          </params>
          <reporter-output>
          </reporter-output>
        </test-method> <!-- runScenario -->
        <test-method status="PASS" signature="runScenario(io.cucumber.testng.PickleWrapper, io.cucumber.testng.FeatureWrapper)[pri:0, instance:parallel.TestRunnerNG@192b07fd]" name="runScenario" duration-ms="9698" started-at="2021-04-24T15:29:42Z" description="Runs Cucumber Scenarios" data-provider="scenarios" finished-at="2021-04-24T15:29:51Z">
          <params>
            <param index="0">
              <value>
                <![CDATA["Browser up state"]]>
              </value>
            </param>
            <param index="1">
              <value>
                <![CDATA["Optional[Application login]"]]>
              </value>
            </param>
          </params>
          <reporter-output>
          </reporter-output>
        </test-method> <!-- runScenario -->
        <test-method status="PASS" signature="tearDownClass()[pri:0, instance:parallel.TestRunnerNG@192b07fd]" name="tearDownClass" is-config="true" duration-ms="11353" started-at="2021-04-24T15:29:58Z" finished-at="2021-04-24T15:30:09Z">
          <reporter-output>
          </reporter-output>
        </test-method> <!-- tearDownClass -->
      </class> <!-- parallel.TestRunnerNG -->
    </test> <!-- Default test -->
  </suite> <!-- Default suite -->
</testng-results>
