<?xml version="1.0" encoding="UTF-8"?>
<testng-results skipped="0" failed="0" ignored="0" total="1" passed="1">
  <reporter-output>
  </reporter-output>
  <suite name="Default suite" duration-ms="5964" started-at="2020-11-23T14:07:18 IST" finished-at="2020-11-23T14:07:24 IST">
    <groups>
    </groups>
    <test name="Default test" duration-ms="5964" started-at="2020-11-23T14:07:18 IST" finished-at="2020-11-23T14:07:24 IST">
      <class name="seleniumgrid.GridConcept">
        <test-method status="PASS" signature="runtest()[pri:0, instance:seleniumgrid.GridConcept@7d3a22a9]" name="runtest" duration-ms="5905" started-at="2020-11-23T14:07:18 IST" finished-at="2020-11-23T14:07:24 IST">
          <reporter-output>
          </reporter-output>
        </test-method> <!-- runtest -->
      </class> <!-- seleniumgrid.GridConcept -->
    </test> <!-- Default test -->
  </suite> <!-- Default suite -->
</testng-results>
